<?xml version="1.0" encoding="UTF-8"?>
<testsuite xmlns:xsi="http://www.w3.org/2001/XMLSchema-instance" xsi:noNamespaceSchemaLocation="https://maven.apache.org/surefire/maven-surefire-plugin/xsd/surefire-test-report.xsd" name="com.xhh.company.CompanyTest" time="0.009" tests="1" errors="1" skipped="0" failures="0">
  <properties>
    <property name="sun.desktop" value="windows"/>
    <property name="awt.toolkit" value="sun.awt.windows.WToolkit"/>
    <property name="file.encoding.pkg" value="sun.io"/>
    <property name="java.specification.version" value="1.8"/>
    <property name="sun.cpu.isalist" value="amd64"/>
    <property name="sun.jnu.encoding" value="GBK"/>
    <property name="java.class.path" value="E:\important-workspaces\workspace-saas\ideaProject\xhh_parent\xhh_company\target\test-classes;E:\important-workspaces\workspace-saas\ideaProject\xhh_parent\xhh_company\target\classes;F:\maven-3.6.3\repository\org\springframework\boot\spring-boot-starter-data-jpa\2.2.5.RELEASE\spring-boot-starter-data-jpa-2.2.5.RELEASE.jar;F:\maven-3.6.3\repository\org\springframework\boot\spring-boot-starter-aop\2.2.5.RELEASE\spring-boot-starter-aop-2.2.5.RELEASE.jar;F:\maven-3.6.3\repository\org\springframework\spring-aop\5.2.4.RELEASE\spring-aop-5.2.4.RELEASE.jar;F:\maven-3.6.3\repository\org\aspectj\aspectjweaver\1.9.5\aspectjweaver-1.9.5.jar;F:\maven-3.6.3\repository\org\springframework\boot\spring-boot-starter-jdbc\2.2.5.RELEASE\spring-boot-starter-jdbc-2.2.5.RELEASE.jar;F:\maven-3.6.3\repository\com\zaxxer\HikariCP\3.4.2\HikariCP-3.4.2.jar;F:\maven-3.6.3\repository\org\springframework\spring-jdbc\5.2.4.RELEASE\spring-jdbc-5.2.4.RELEASE.jar;F:\maven-3.6.3\repository\jakarta\activation\jakarta.activation-api\1.2.2\jakarta.activation-api-1.2.2.jar;F:\maven-3.6.3\repository\jakarta\persistence\jakarta.persistence-api\2.2.3\jakarta.persistence-api-2.2.3.jar;F:\maven-3.6.3\repository\jakarta\transaction\jakarta.transaction-api\1.3.3\jakarta.transaction-api-1.3.3.jar;F:\maven-3.6.3\repository\org\hibernate\hibernate-core\5.4.12.Final\hibernate-core-5.4.12.Final.jar;F:\maven-3.6.3\repository\org\jboss\logging\jboss-logging\3.4.1.Final\jboss-logging-3.4.1.Final.jar;F:\maven-3.6.3\repository\org\javassist\javassist\3.24.0-GA\javassist-3.24.0-GA.jar;F:\maven-3.6.3\repository\net\bytebuddy\byte-buddy\1.10.8\byte-buddy-1.10.8.jar;F:\maven-3.6.3\repository\antlr\antlr\2.7.7\antlr-2.7.7.jar;F:\maven-3.6.3\repository\org\jboss\jandex\2.1.1.Final\jandex-2.1.1.Final.jar;F:\maven-3.6.3\repository\com\fasterxml\classmate\1.5.1\classmate-1.5.1.jar;F:\maven-3.6.3\repository\org\dom4j\dom4j\2.1.1\dom4j-2.1.1.jar;F:\maven-3.6.3\repository\org\hibernate\common\hibernate-commons-annotations\5.1.0.Final\hibernate-commons-annotations-5.1.0.Final.jar;F:\maven-3.6.3\repository\org\glassfish\jaxb\jaxb-runtime\2.3.2\jaxb-runtime-2.3.2.jar;F:\maven-3.6.3\repository\org\glassfish\jaxb\txw2\2.3.2\txw2-2.3.2.jar;F:\maven-3.6.3\repository\com\sun\istack\istack-commons-runtime\3.0.8\istack-commons-runtime-3.0.8.jar;F:\maven-3.6.3\repository\org\jvnet\staxex\stax-ex\1.8.1\stax-ex-1.8.1.jar;F:\maven-3.6.3\repository\com\sun\xml\fastinfoset\FastInfoset\1.2.16\FastInfoset-1.2.16.jar;F:\maven-3.6.3\repository\org\springframework\data\spring-data-jpa\2.2.5.RELEASE\spring-data-jpa-2.2.5.RELEASE.jar;F:\maven-3.6.3\repository\org\springframework\data\spring-data-commons\2.2.5.RELEASE\spring-data-commons-2.2.5.RELEASE.jar;F:\maven-3.6.3\repository\org\springframework\spring-orm\5.2.4.RELEASE\spring-orm-5.2.4.RELEASE.jar;F:\maven-3.6.3\repository\org\springframework\spring-context\5.2.4.RELEASE\spring-context-5.2.4.RELEASE.jar;F:\maven-3.6.3\repository\org\springframework\spring-tx\5.2.4.RELEASE\spring-tx-5.2.4.RELEASE.jar;F:\maven-3.6.3\repository\org\springframework\spring-beans\5.2.4.RELEASE\spring-beans-5.2.4.RELEASE.jar;F:\maven-3.6.3\repository\org\slf4j\slf4j-api\1.7.30\slf4j-api-1.7.30.jar;F:\maven-3.6.3\repository\org\springframework\spring-aspects\5.2.4.RELEASE\spring-aspects-5.2.4.RELEASE.jar;F:\maven-3.6.3\repository\org\mariadb\jdbc\mariadb-java-client\2.4.4\mariadb-java-client-2.4.4.jar;E:\important-workspaces\workspace-saas\ideaProject\xhh_parent\xhh_common_model\target\xhh_common_model-1.0-SNAPSHOT.jar;E:\important-workspaces\workspace-saas\ideaProject\xhh_parent\xhh_common\target\xhh_common-1.0-SNAPSHOT.jar;F:\maven-3.6.3\repository\org\springframework\boot\spring-boot-starter-web\2.2.5.RELEASE\spring-boot-starter-web-2.2.5.RELEASE.jar;F:\maven-3.6.3\repository\org\springframework\boot\spring-boot-starter\2.2.5.RELEASE\spring-boot-starter-2.2.5.RELEASE.jar;F:\maven-3.6.3\repository\org\springframework\boot\spring-boot\2.2.5.RELEASE\spring-boot-2.2.5.RELEASE.jar;F:\maven-3.6.3\repository\org\springframework\boot\spring-boot-autoconfigure\2.2.5.RELEASE\spring-boot-autoconfigure-2.2.5.RELEASE.jar;F:\maven-3.6.3\repository\org\springframework\boot\spring-boot-starter-logging\2.2.5.RELEASE\spring-boot-starter-logging-2.2.5.RELEASE.jar;F:\maven-3.6.3\repository\ch\qos\logback\logback-classic\1.2.3\logback-classic-1.2.3.jar;F:\maven-3.6.3\repository\ch\qos\logback\logback-core\1.2.3\logback-core-1.2.3.jar;F:\maven-3.6.3\repository\org\apache\logging\log4j\log4j-to-slf4j\2.12.1\log4j-to-slf4j-2.12.1.jar;F:\maven-3.6.3\repository\org\apache\logging\log4j\log4j-api\2.12.1\log4j-api-2.12.1.jar;F:\maven-3.6.3\repository\org\slf4j\jul-to-slf4j\1.7.30\jul-to-slf4j-1.7.30.jar;F:\maven-3.6.3\repository\jakarta\annotation\jakarta.annotation-api\1.3.5\jakarta.annotation-api-1.3.5.jar;F:\maven-3.6.3\repository\org\yaml\snakeyaml\1.25\snakeyaml-1.25.jar;F:\maven-3.6.3\repository\org\springframework\boot\spring-boot-starter-json\2.2.5.RELEASE\spring-boot-starter-json-2.2.5.RELEASE.jar;F:\maven-3.6.3\repository\com\fasterxml\jackson\core\jackson-databind\2.10.2\jackson-databind-2.10.2.jar;F:\maven-3.6.3\repository\com\fasterxml\jackson\datatype\jackson-datatype-jdk8\2.10.2\jackson-datatype-jdk8-2.10.2.jar;F:\maven-3.6.3\repository\com\fasterxml\jackson\datatype\jackson-datatype-jsr310\2.10.2\jackson-datatype-jsr310-2.10.2.jar;F:\maven-3.6.3\repository\com\fasterxml\jackson\module\jackson-module-parameter-names\2.10.2\jackson-module-parameter-names-2.10.2.jar;F:\maven-3.6.3\repository\org\springframework\boot\spring-boot-starter-tomcat\2.2.5.RELEASE\spring-boot-starter-tomcat-2.2.5.RELEASE.jar;F:\maven-3.6.3\repository\org\apache\tomcat\embed\tomcat-embed-core\9.0.31\tomcat-embed-core-9.0.31.jar;F:\maven-3.6.3\repository\org\apache\tomcat\embed\tomcat-embed-el\9.0.31\tomcat-embed-el-9.0.31.jar;F:\maven-3.6.3\repository\org\apache\tomcat\embed\tomcat-embed-websocket\9.0.31\tomcat-embed-websocket-9.0.31.jar;F:\maven-3.6.3\repository\org\springframework\boot\spring-boot-starter-validation\2.2.5.RELEASE\spring-boot-starter-validation-2.2.5.RELEASE.jar;F:\maven-3.6.3\repository\jakarta\validation\jakarta.validation-api\2.0.2\jakarta.validation-api-2.0.2.jar;F:\maven-3.6.3\repository\org\hibernate\validator\hibernate-validator\6.0.18.Final\hibernate-validator-6.0.18.Final.jar;F:\maven-3.6.3\repository\org\springframework\spring-web\5.2.4.RELEASE\spring-web-5.2.4.RELEASE.jar;F:\maven-3.6.3\repository\org\springframework\spring-webmvc\5.2.4.RELEASE\spring-webmvc-5.2.4.RELEASE.jar;F:\maven-3.6.3\repository\org\springframework\spring-expression\5.2.4.RELEASE\spring-expression-5.2.4.RELEASE.jar;F:\maven-3.6.3\repository\org\springframework\boot\spring-boot-starter-test\2.2.5.RELEASE\spring-boot-starter-test-2.2.5.RELEASE.jar;F:\maven-3.6.3\repository\org\springframework\boot\spring-boot-test\2.2.5.RELEASE\spring-boot-test-2.2.5.RELEASE.jar;F:\maven-3.6.3\repository\org\springframework\boot\spring-boot-test-autoconfigure\2.2.5.RELEASE\spring-boot-test-autoconfigure-2.2.5.RELEASE.jar;F:\maven-3.6.3\repository\com\jayway\jsonpath\json-path\2.4.0\json-path-2.4.0.jar;F:\maven-3.6.3\repository\net\minidev\json-smart\2.3\json-smart-2.3.jar;F:\maven-3.6.3\repository\net\minidev\accessors-smart\1.2\accessors-smart-1.2.jar;F:\maven-3.6.3\repository\org\ow2\asm\asm\5.0.4\asm-5.0.4.jar;F:\maven-3.6.3\repository\jakarta\xml\bind\jakarta.xml.bind-api\2.3.2\jakarta.xml.bind-api-2.3.2.jar;F:\maven-3.6.3\repository\org\junit\jupiter\junit-jupiter\5.5.2\junit-jupiter-5.5.2.jar;F:\maven-3.6.3\repository\org\junit\jupiter\junit-jupiter-api\5.5.2\junit-jupiter-api-5.5.2.jar;F:\maven-3.6.3\repository\org\opentest4j\opentest4j\1.2.0\opentest4j-1.2.0.jar;F:\maven-3.6.3\repository\org\junit\platform\junit-platform-commons\1.5.2\junit-platform-commons-1.5.2.jar;F:\maven-3.6.3\repository\org\junit\jupiter\junit-jupiter-params\5.5.2\junit-jupiter-params-5.5.2.jar;F:\maven-3.6.3\repository\org\junit\jupiter\junit-jupiter-engine\5.5.2\junit-jupiter-engine-5.5.2.jar;F:\maven-3.6.3\repository\org\junit\vintage\junit-vintage-engine\5.5.2\junit-vintage-engine-5.5.2.jar;F:\maven-3.6.3\repository\org\apiguardian\apiguardian-api\1.1.0\apiguardian-api-1.1.0.jar;F:\maven-3.6.3\repository\org\junit\platform\junit-platform-engine\1.5.2\junit-platform-engine-1.5.2.jar;F:\maven-3.6.3\repository\junit\junit\4.12\junit-4.12.jar;F:\maven-3.6.3\repository\org\mockito\mockito-junit-jupiter\3.1.0\mockito-junit-jupiter-3.1.0.jar;F:\maven-3.6.3\repository\org\assertj\assertj-core\3.13.2\assertj-core-3.13.2.jar;F:\maven-3.6.3\repository\org\hamcrest\hamcrest\2.1\hamcrest-2.1.jar;F:\maven-3.6.3\repository\org\mockito\mockito-core\3.1.0\mockito-core-3.1.0.jar;F:\maven-3.6.3\repository\net\bytebuddy\byte-buddy-agent\1.10.8\byte-buddy-agent-1.10.8.jar;F:\maven-3.6.3\repository\org\objenesis\objenesis\2.6\objenesis-2.6.jar;F:\maven-3.6.3\repository\org\skyscreamer\jsonassert\1.5.0\jsonassert-1.5.0.jar;F:\maven-3.6.3\repository\com\vaadin\external\google\android-json\0.0.20131108.vaadin1\android-json-0.0.20131108.vaadin1.jar;F:\maven-3.6.3\repository\org\springframework\spring-core\5.2.4.RELEASE\spring-core-5.2.4.RELEASE.jar;F:\maven-3.6.3\repository\org\springframework\spring-jcl\5.2.4.RELEASE\spring-jcl-5.2.4.RELEASE.jar;F:\maven-3.6.3\repository\org\springframework\spring-test\5.2.4.RELEASE\spring-test-5.2.4.RELEASE.jar;F:\maven-3.6.3\repository\org\xmlunit\xmlunit-core\2.6.3\xmlunit-core-2.6.3.jar;F:\maven-3.6.3\repository\org\projectlombok\lombok\1.18.12\lombok-1.18.12.jar;"/>
    <property name="java.vm.vendor" value="Oracle Corporation"/>
    <property name="sun.arch.data.model" value="64"/>
    <property name="user.variant" value=""/>
    <property name="java.vendor.url" value="http://java.oracle.com/"/>
    <property name="user.timezone" value="Asia/Shanghai"/>
    <property name="java.vm.specification.version" value="1.8"/>
    <property name="os.name" value="Windows 10"/>
    <property name="user.country" value="CN"/>
    <property name="sun.java.launcher" value="SUN_STANDARD"/>
    <property name="sun.boot.library.path" value="F:\jdk_64\jdk1.8.0_131\jre\bin"/>
    <property name="sun.java.command" value="C:\Users\linge\AppData\Local\Temp\surefire9126245848654572132\surefirebooter7177715662975457718.jar C:\Users\linge\AppData\Local\Temp\surefire9126245848654572132 2020-04-15T16-45-56_999-jvmRun1 surefire4063011012068975280tmp surefire_04790516352113780935tmp"/>
    <property name="surefire.test.class.path" value="E:\important-workspaces\workspace-saas\ideaProject\xhh_parent\xhh_company\target\test-classes;E:\important-workspaces\workspace-saas\ideaProject\xhh_parent\xhh_company\target\classes;F:\maven-3.6.3\repository\org\springframework\boot\spring-boot-starter-data-jpa\2.2.5.RELEASE\spring-boot-starter-data-jpa-2.2.5.RELEASE.jar;F:\maven-3.6.3\repository\org\springframework\boot\spring-boot-starter-aop\2.2.5.RELEASE\spring-boot-starter-aop-2.2.5.RELEASE.jar;F:\maven-3.6.3\repository\org\springframework\spring-aop\5.2.4.RELEASE\spring-aop-5.2.4.RELEASE.jar;F:\maven-3.6.3\repository\org\aspectj\aspectjweaver\1.9.5\aspectjweaver-1.9.5.jar;F:\maven-3.6.3\repository\org\springframework\boot\spring-boot-starter-jdbc\2.2.5.RELEASE\spring-boot-starter-jdbc-2.2.5.RELEASE.jar;F:\maven-3.6.3\repository\com\zaxxer\HikariCP\3.4.2\HikariCP-3.4.2.jar;F:\maven-3.6.3\repository\org\springframework\spring-jdbc\5.2.4.RELEASE\spring-jdbc-5.2.4.RELEASE.jar;F:\maven-3.6.3\repository\jakarta\activation\jakarta.activation-api\1.2.2\jakarta.activation-api-1.2.2.jar;F:\maven-3.6.3\repository\jakarta\persistence\jakarta.persistence-api\2.2.3\jakarta.persistence-api-2.2.3.jar;F:\maven-3.6.3\repository\jakarta\transaction\jakarta.transaction-api\1.3.3\jakarta.transaction-api-1.3.3.jar;F:\maven-3.6.3\repository\org\hibernate\hibernate-core\5.4.12.Final\hibernate-core-5.4.12.Final.jar;F:\maven-3.6.3\repository\org\jboss\logging\jboss-logging\3.4.1.Final\jboss-logging-3.4.1.Final.jar;F:\maven-3.6.3\repository\org\javassist\javassist\3.24.0-GA\javassist-3.24.0-GA.jar;F:\maven-3.6.3\repository\net\bytebuddy\byte-buddy\1.10.8\byte-buddy-1.10.8.jar;F:\maven-3.6.3\repository\antlr\antlr\2.7.7\antlr-2.7.7.jar;F:\maven-3.6.3\repository\org\jboss\jandex\2.1.1.Final\jandex-2.1.1.Final.jar;F:\maven-3.6.3\repository\com\fasterxml\classmate\1.5.1\classmate-1.5.1.jar;F:\maven-3.6.3\repository\org\dom4j\dom4j\2.1.1\dom4j-2.1.1.jar;F:\maven-3.6.3\repository\org\hibernate\common\hibernate-commons-annotations\5.1.0.Final\hibernate-commons-annotations-5.1.0.Final.jar;F:\maven-3.6.3\repository\org\glassfish\jaxb\jaxb-runtime\2.3.2\jaxb-runtime-2.3.2.jar;F:\maven-3.6.3\repository\org\glassfish\jaxb\txw2\2.3.2\txw2-2.3.2.jar;F:\maven-3.6.3\repository\com\sun\istack\istack-commons-runtime\3.0.8\istack-commons-runtime-3.0.8.jar;F:\maven-3.6.3\repository\org\jvnet\staxex\stax-ex\1.8.1\stax-ex-1.8.1.jar;F:\maven-3.6.3\repository\com\sun\xml\fastinfoset\FastInfoset\1.2.16\FastInfoset-1.2.16.jar;F:\maven-3.6.3\repository\org\springframework\data\spring-data-jpa\2.2.5.RELEASE\spring-data-jpa-2.2.5.RELEASE.jar;F:\maven-3.6.3\repository\org\springframework\data\spring-data-commons\2.2.5.RELEASE\spring-data-commons-2.2.5.RELEASE.jar;F:\maven-3.6.3\repository\org\springframework\spring-orm\5.2.4.RELEASE\spring-orm-5.2.4.RELEASE.jar;F:\maven-3.6.3\repository\org\springframework\spring-context\5.2.4.RELEASE\spring-context-5.2.4.RELEASE.jar;F:\maven-3.6.3\repository\org\springframework\spring-tx\5.2.4.RELEASE\spring-tx-5.2.4.RELEASE.jar;F:\maven-3.6.3\repository\org\springframework\spring-beans\5.2.4.RELEASE\spring-beans-5.2.4.RELEASE.jar;F:\maven-3.6.3\repository\org\slf4j\slf4j-api\1.7.30\slf4j-api-1.7.30.jar;F:\maven-3.6.3\repository\org\springframework\spring-aspects\5.2.4.RELEASE\spring-aspects-5.2.4.RELEASE.jar;F:\maven-3.6.3\repository\org\mariadb\jdbc\mariadb-java-client\2.4.4\mariadb-java-client-2.4.4.jar;E:\important-workspaces\workspace-saas\ideaProject\xhh_parent\xhh_common_model\target\xhh_common_model-1.0-SNAPSHOT.jar;E:\important-workspaces\workspace-saas\ideaProject\xhh_parent\xhh_common\target\xhh_common-1.0-SNAPSHOT.jar;F:\maven-3.6.3\repository\org\springframework\boot\spring-boot-starter-web\2.2.5.RELEASE\spring-boot-starter-web-2.2.5.RELEASE.jar;F:\maven-3.6.3\repository\org\springframework\boot\spring-boot-starter\2.2.5.RELEASE\spring-boot-starter-2.2.5.RELEASE.jar;F:\maven-3.6.3\repository\org\springframework\boot\spring-boot\2.2.5.RELEASE\spring-boot-2.2.5.RELEASE.jar;F:\maven-3.6.3\repository\org\springframework\boot\spring-boot-autoconfigure\2.2.5.RELEASE\spring-boot-autoconfigure-2.2.5.RELEASE.jar;F:\maven-3.6.3\repository\org\springframework\boot\spring-boot-starter-logging\2.2.5.RELEASE\spring-boot-starter-logging-2.2.5.RELEASE.jar;F:\maven-3.6.3\repository\ch\qos\logback\logback-classic\1.2.3\logback-classic-1.2.3.jar;F:\maven-3.6.3\repository\ch\qos\logback\logback-core\1.2.3\logback-core-1.2.3.jar;F:\maven-3.6.3\repository\org\apache\logging\log4j\log4j-to-slf4j\2.12.1\log4j-to-slf4j-2.12.1.jar;F:\maven-3.6.3\repository\org\apache\logging\log4j\log4j-api\2.12.1\log4j-api-2.12.1.jar;F:\maven-3.6.3\repository\org\slf4j\jul-to-slf4j\1.7.30\jul-to-slf4j-1.7.30.jar;F:\maven-3.6.3\repository\jakarta\annotation\jakarta.annotation-api\1.3.5\jakarta.annotation-api-1.3.5.jar;F:\maven-3.6.3\repository\org\yaml\snakeyaml\1.25\snakeyaml-1.25.jar;F:\maven-3.6.3\repository\org\springframework\boot\spring-boot-starter-json\2.2.5.RELEASE\spring-boot-starter-json-2.2.5.RELEASE.jar;F:\maven-3.6.3\repository\com\fasterxml\jackson\core\jackson-databind\2.10.2\jackson-databind-2.10.2.jar;F:\maven-3.6.3\repository\com\fasterxml\jackson\datatype\jackson-datatype-jdk8\2.10.2\jackson-datatype-jdk8-2.10.2.jar;F:\maven-3.6.3\repository\com\fasterxml\jackson\datatype\jackson-datatype-jsr310\2.10.2\jackson-datatype-jsr310-2.10.2.jar;F:\maven-3.6.3\repository\com\fasterxml\jackson\module\jackson-module-parameter-names\2.10.2\jackson-module-parameter-names-2.10.2.jar;F:\maven-3.6.3\repository\org\springframework\boot\spring-boot-starter-tomcat\2.2.5.RELEASE\spring-boot-starter-tomcat-2.2.5.RELEASE.jar;F:\maven-3.6.3\repository\org\apache\tomcat\embed\tomcat-embed-core\9.0.31\tomcat-embed-core-9.0.31.jar;F:\maven-3.6.3\repository\org\apache\tomcat\embed\tomcat-embed-el\9.0.31\tomcat-embed-el-9.0.31.jar;F:\maven-3.6.3\repository\org\apache\tomcat\embed\tomcat-embed-websocket\9.0.31\tomcat-embed-websocket-9.0.31.jar;F:\maven-3.6.3\repository\org\springframework\boot\spring-boot-starter-validation\2.2.5.RELEASE\spring-boot-starter-validation-2.2.5.RELEASE.jar;F:\maven-3.6.3\repository\jakarta\validation\jakarta.validation-api\2.0.2\jakarta.validation-api-2.0.2.jar;F:\maven-3.6.3\repository\org\hibernate\validator\hibernate-validator\6.0.18.Final\hibernate-validator-6.0.18.Final.jar;F:\maven-3.6.3\repository\org\springframework\spring-web\5.2.4.RELEASE\spring-web-5.2.4.RELEASE.jar;F:\maven-3.6.3\repository\org\springframework\spring-webmvc\5.2.4.RELEASE\spring-webmvc-5.2.4.RELEASE.jar;F:\maven-3.6.3\repository\org\springframework\spring-expression\5.2.4.RELEASE\spring-expression-5.2.4.RELEASE.jar;F:\maven-3.6.3\repository\org\springframework\boot\spring-boot-starter-test\2.2.5.RELEASE\spring-boot-starter-test-2.2.5.RELEASE.jar;F:\maven-3.6.3\repository\org\springframework\boot\spring-boot-test\2.2.5.RELEASE\spring-boot-test-2.2.5.RELEASE.jar;F:\maven-3.6.3\repository\org\springframework\boot\spring-boot-test-autoconfigure\2.2.5.RELEASE\spring-boot-test-autoconfigure-2.2.5.RELEASE.jar;F:\maven-3.6.3\repository\com\jayway\jsonpath\json-path\2.4.0\json-path-2.4.0.jar;F:\maven-3.6.3\repository\net\minidev\json-smart\2.3\json-smart-2.3.jar;F:\maven-3.6.3\repository\net\minidev\accessors-smart\1.2\accessors-smart-1.2.jar;F:\maven-3.6.3\repository\org\ow2\asm\asm\5.0.4\asm-5.0.4.jar;F:\maven-3.6.3\repository\jakarta\xml\bind\jakarta.xml.bind-api\2.3.2\jakarta.xml.bind-api-2.3.2.jar;F:\maven-3.6.3\repository\org\junit\jupiter\junit-jupiter\5.5.2\junit-jupiter-5.5.2.jar;F:\maven-3.6.3\repository\org\junit\jupiter\junit-jupiter-api\5.5.2\junit-jupiter-api-5.5.2.jar;F:\maven-3.6.3\repository\org\opentest4j\opentest4j\1.2.0\opentest4j-1.2.0.jar;F:\maven-3.6.3\repository\org\junit\platform\junit-platform-commons\1.5.2\junit-platform-commons-1.5.2.jar;F:\maven-3.6.3\repository\org\junit\jupiter\junit-jupiter-params\5.5.2\junit-jupiter-params-5.5.2.jar;F:\maven-3.6.3\repository\org\junit\jupiter\junit-jupiter-engine\5.5.2\junit-jupiter-engine-5.5.2.jar;F:\maven-3.6.3\repository\org\junit\vintage\junit-vintage-engine\5.5.2\junit-vintage-engine-5.5.2.jar;F:\maven-3.6.3\repository\org\apiguardian\apiguardian-api\1.1.0\apiguardian-api-1.1.0.jar;F:\maven-3.6.3\repository\org\junit\platform\junit-platform-engine\1.5.2\junit-platform-engine-1.5.2.jar;F:\maven-3.6.3\repository\junit\junit\4.12\junit-4.12.jar;F:\maven-3.6.3\repository\org\mockito\mockito-junit-jupiter\3.1.0\mockito-junit-jupiter-3.1.0.jar;F:\maven-3.6.3\repository\org\assertj\assertj-core\3.13.2\assertj-core-3.13.2.jar;F:\maven-3.6.3\repository\org\hamcrest\hamcrest\2.1\hamcrest-2.1.jar;F:\maven-3.6.3\repository\org\mockito\mockito-core\3.1.0\mockito-core-3.1.0.jar;F:\maven-3.6.3\repository\net\bytebuddy\byte-buddy-agent\1.10.8\byte-buddy-agent-1.10.8.jar;F:\maven-3.6.3\repository\org\objenesis\objenesis\2.6\objenesis-2.6.jar;F:\maven-3.6.3\repository\org\skyscreamer\jsonassert\1.5.0\jsonassert-1.5.0.jar;F:\maven-3.6.3\repository\com\vaadin\external\google\android-json\0.0.20131108.vaadin1\android-json-0.0.20131108.vaadin1.jar;F:\maven-3.6.3\repository\org\springframework\spring-core\5.2.4.RELEASE\spring-core-5.2.4.RELEASE.jar;F:\maven-3.6.3\repository\org\springframework\spring-jcl\5.2.4.RELEASE\spring-jcl-5.2.4.RELEASE.jar;F:\maven-3.6.3\repository\org\springframework\spring-test\5.2.4.RELEASE\spring-test-5.2.4.RELEASE.jar;F:\maven-3.6.3\repository\org\xmlunit\xmlunit-core\2.6.3\xmlunit-core-2.6.3.jar;F:\maven-3.6.3\repository\org\projectlombok\lombok\1.18.12\lombok-1.18.12.jar;"/>
    <property name="sun.cpu.endian" value="little"/>
    <property name="user.home" value="C:\Users\linge"/>
    <property name="user.language" value="zh"/>
    <property name="java.specification.vendor" value="Oracle Corporation"/>
    <property name="java.home" value="F:\jdk_64\jdk1.8.0_131\jre"/>
    <property name="basedir" value="E:\important-workspaces\workspace-saas\ideaProject\xhh_parent\xhh_company"/>
    <property name="file.separator" value="\"/>
    <property name="line.separator" value="&#10;"/>
    <property name="java.vm.specification.vendor" value="Oracle Corporation"/>
    <property name="java.specification.name" value="Java Platform API Specification"/>
    <property name="java.awt.graphicsenv" value="sun.awt.Win32GraphicsEnvironment"/>
    <property name="surefire.real.class.path" value="C:\Users\linge\AppData\Local\Temp\surefire9126245848654572132\surefirebooter7177715662975457718.jar"/>
    <property name="sun.boot.class.path" value="F:\jdk_64\jdk1.8.0_131\jre\lib\resources.jar;F:\jdk_64\jdk1.8.0_131\jre\lib\rt.jar;F:\jdk_64\jdk1.8.0_131\jre\lib\sunrsasign.jar;F:\jdk_64\jdk1.8.0_131\jre\lib\jsse.jar;F:\jdk_64\jdk1.8.0_131\jre\lib\jce.jar;F:\jdk_64\jdk1.8.0_131\jre\lib\charsets.jar;F:\jdk_64\jdk1.8.0_131\jre\lib\jfr.jar;F:\jdk_64\jdk1.8.0_131\jre\classes"/>
    <property name="user.script" value=""/>
    <property name="sun.management.compiler" value="HotSpot 64-Bit Tiered Compilers"/>
    <property name="java.runtime.version" value="1.8.0_131-b11"/>
    <property name="user.name" value="温心雨i"/>
    <property name="path.separator" value=";"/>
    <property name="os.version" value="10.0"/>
    <property name="java.endorsed.dirs" value="F:\jdk_64\jdk1.8.0_131\jre\lib\endorsed"/>
    <property name="java.runtime.name" value="Java(TM) SE Runtime Environment"/>
    <property name="file.encoding" value="GBK"/>
    <property name="java.vm.name" value="Java HotSpot(TM) 64-Bit Server VM"/>
    <property name="idea.version2020.1" value="true"/>
    <property name="localRepository" value="F:\maven-3.6.3\repository"/>
    <property name="java.vendor.url.bug" value="http://bugreport.sun.com/bugreport/"/>
    <property name="java.io.tmpdir" value="C:\Users\linge\AppData\Local\Temp\"/>
    <property name="java.version" value="1.8.0_131"/>
    <property name="user.dir" value="E:\important-workspaces\workspace-saas\ideaProject\xhh_parent\xhh_company"/>
    <property name="os.arch" value="amd64"/>
    <property name="java.vm.specification.name" value="Java Virtual Machine Specification"/>
    <property name="java.awt.printerjob" value="sun.awt.windows.WPrinterJob"/>
    <property name="sun.os.patch.level" value=""/>
    <property name="java.library.path" value="F:\jdk_64\jdk1.8.0_131\jre\bin;C:\WINDOWS\Sun\Java\bin;C:\WINDOWS\system32;C:\WINDOWS;C:\ProgramData\Oracle\Java\javapath;&quot;C:\ProgramData\Oracle\Java\javapath;C:\Program Files (x86)\Intel\iCLS Client\;C:\Program Files\Intel\iCLS Client\;C:\Windows\system32;C:\Windows;C:\Windows\System32\Wbem;C:\Windows\System32\WindowsPowerShell\v1.0\;C:\Program Files (x86)\Intel\&quot;;&quot;F:\jdk_64\jdk1.8.0_131\bin;&quot;;C:\Windows\System32;C:\WINDOWS\system32;C:\WINDOWS;C:\WINDOWS\System32\Wbem;C:\WINDOWS\System32\WindowsPowerShell\v1.0\;C:\WINDOWS\System32\OpenSSH\;F:\apache-tomcat-7.0.96\lib\servlet-api.jar;F:\nox_ys\Nox\bin;F:\Git\cmd;F:\Android_sdk\platform-tools\adb.exe;C:\Windows\Microsoft.NET\Framework64\v2.0.50727;C:\Program Files\dotnet\;F:\gradle-6.0-all\gradle-6.0\bin;F:\idea-maven\apache-maven-3.6.3\bin;F:\Program Files\WinSCP\;F:\Program Files\VisualSVN Server\bin;F:\Program Files\TortoiseSVN\bin;F:\Program Files\PuTTY\;F:\Program Files\mariadb-5.5.62-winx64\bin;F:\Programs\Python\Python37\Scripts\;F:\Programs\Python\Python37\;F:\Scripts\;F:\;C:\Users\linge\AppData\Local\Microsoft\WindowsApps;F:\PyCharm 2018.3.1\bin;F:\PyCharm Community Edition 2018.3.1\bin;F:\jdk_64\jdk1.8.0_131\bin;C:\Users\linge\AppData\Local\Microsoft\WindowsApps;C:\Users\linge\AppData\Local\BypassRuntm;F:\Intellij_idea\IntelliJ IDEA Community Edition 2019.2.4\bin;;F:\Intellij_idea\IntelliJ IDEA 2019.2.4\bin;;F:\VScode\Microsoft VS Code\bin;F:\Program Files\Bandzip6\;."/>
    <property name="java.vm.info" value="mixed mode"/>
    <property name="java.vendor" value="Oracle Corporation"/>
    <property name="java.vm.version" value="25.131-b11"/>
    <property name="java.ext.dirs" value="F:\jdk_64\jdk1.8.0_131\jre\lib\ext;C:\WINDOWS\Sun\Java\lib\ext"/>
    <property name="sun.io.unicode.encoding" value="UnicodeLittle"/>
    <property name="maven.repo.local" value="F:\maven-3.6.3\repository"/>
    <property name="java.class.version" value="52.0"/>
  </properties>
  <testcase name="text" classname="com.xhh.company.CompanyTest" time="0.003">
    <error type="java.lang.NullPointerException">java.lang.NullPointerException
	at com.xhh.company.CompanyTest.text(CompanyTest.java:22)
</error>
  </testcase>
</testsuite>